CUDA matrix-matrix multiply (50x50 matrices) with column major
1. cuBLAS dgemm (optimized library)    Latency: 0.112 ms   GFLOPS:  2.240
2. cuBLAS dgemv in a loop for GEMM     Latency: 0.158 ms   GFLOPS:  1.585
3. Naive GEMM (parallelized 3 loops)   Latency: 0.009 ms   GFLOPS:  27.127

Mid-point verification looks OK: DGEMM=10.0322, DGEMV=10.0322, Naive=10.0322

CUDA matrix-matrix multiply (200x200 matrices) with column major
1. cuBLAS dgemm (optimized library)    Latency: 11.511 ms   GFLOPS:  1.390
2. cuBLAS dgemv in a loop for GEMM     Latency: 3.231 ms   GFLOPS:  4.952
3. Naive GEMM (parallelized 3 loops)   Latency: 0.029 ms   GFLOPS:  558.036

Mid-point verification looks OK: DGEMM=49.3952, DGEMV=49.3952, Naive=49.3952

CUDA matrix-matrix multiply (800x800 matrices) with column major
1. cuBLAS dgemm (optimized library)    Latency: 0.232 ms   GFLOPS:  4408.928
2. cuBLAS dgemv in a loop for GEMM     Latency: 12.620 ms   GFLOPS:  81.142
3. Naive GEMM (parallelized 3 loops)   Latency: 1.083 ms   GFLOPS:  945.180

Mid-point verification looks OK: DGEMM=193.5244, DGEMV=193.5244, Naive=193.5244

CUDA matrix-matrix multiply (1600x1600 matrices) with column major
1. cuBLAS dgemm (optimized library)    Latency: 1.328 ms   GFLOPS:  6168.823
2. cuBLAS dgemv in a loop for GEMM     Latency: 46.028 ms   GFLOPS:  177.979
3. Naive GEMM (parallelized 3 loops)   Latency: 7.182 ms   GFLOPS:  1140.576

Mid-point verification looks OK: DGEMM=389.2819, DGEMV=389.2819, Naive=389.2819

CUDA matrix-matrix multiply (3200x3200 matrices) with column major
1. cuBLAS dgemm (optimized library)    Latency: 8.809 ms   GFLOPS:  7439.968
2. cuBLAS dgemv in a loop for GEMM     Latency: 314.266 ms   GFLOPS:  208.537
3. Naive GEMM (parallelized 3 loops)   Latency: 58.955 ms   GFLOPS:  1111.632

Mid-point verification looks OK: DGEMM=790.3346, DGEMV=790.3346, Naive=790.3346

