Maximum number of threads allowed for MKL: 8
--- Matrix Multiplication Performance Comparison ---
Matrix size: N=50 x N=50

MKL DGEMM     : Time 0.046554 sec. GFLOPS 0.01.  0.00x
MKL DGEMV Loop: Time 0.000045 sec. GFLOPS 5.55.  1.47x
Naive 3 loops : Time 0.000066 sec. GFLOPS 3.79.  1.00x

Mid-point verification looks OK: DGEMM=10.4441, DGEMV=10.4441, Naive=10.4441

--- Matrix Multiplication Performance Comparison ---
Matrix size: N=200 x N=200

MKL DGEMM     : Time 0.000547 sec. GFLOPS 29.24.  2.49x
MKL DGEMV Loop: Time 0.001690 sec. GFLOPS 9.47.  0.81x
Naive 3 loops : Time 0.001364 sec. GFLOPS 11.73.  1.00x

Mid-point verification looks OK: DGEMM=45.1042, DGEMV=45.1042, Naive=45.1042

--- Matrix Multiplication Performance Comparison ---
Matrix size: N=800 x N=800

MKL DGEMM     : Time 0.012522 sec. GFLOPS 81.78.  7.30x
MKL DGEMV Loop: Time 0.113804 sec. GFLOPS 9.00.  0.80x
Naive 3 loops : Time 0.091394 sec. GFLOPS 11.20.  1.00x

Mid-point verification looks OK: DGEMM=201.3727, DGEMV=201.3727, Naive=201.3727

--- Matrix Multiplication Performance Comparison ---
Matrix size: N=1600 x N=1600

MKL DGEMM     : Time 0.056072 sec. GFLOPS 146.10.  26.93x
MKL DGEMV Loop: Time 1.132748 sec. GFLOPS 7.23.  1.33x
Naive 3 loops : Time 1.509837 sec. GFLOPS 5.43.  1.00x

Mid-point verification looks OK: DGEMM=405.6966, DGEMV=405.6966, Naive=405.6966

