Maximum number of threads allowed for MKL: 1
--- Matrix Multiplication Performance Comparison ---
Matrix size: N=50 x N=50

MKL DGEMM     : Time 0.001364 sec. GFLOPS 0.18.  0.06x
MKL DGEMV Loop: Time 0.000039 sec. GFLOPS 6.39.  1.97x
Naive 3 loops : Time 0.000077 sec. GFLOPS 3.25.  1.00x

Mid-point verification looks OK: DGEMM=10.4441, DGEMV=10.4441, Naive=10.4441

--- Matrix Multiplication Performance Comparison ---
Matrix size: N=200 x N=200

MKL DGEMM     : Time 0.000858 sec. GFLOPS 18.65.  3.72x
MKL DGEMV Loop: Time 0.001242 sec. GFLOPS 12.88.  2.57x
Naive 3 loops : Time 0.003191 sec. GFLOPS 5.01.  1.00x

Mid-point verification looks OK: DGEMM=45.1042, DGEMV=45.1042, Naive=45.1042

--- Matrix Multiplication Performance Comparison ---
Matrix size: N=800 x N=800

MKL DGEMM     : Time 0.026577 sec. GFLOPS 38.53.  13.53x
MKL DGEMV Loop: Time 0.082567 sec. GFLOPS 12.40.  4.36x
Naive 3 loops : Time 0.359695 sec. GFLOPS 2.85.  1.00x

Mid-point verification looks OK: DGEMM=201.3727, DGEMV=201.3727, Naive=201.3727

--- Matrix Multiplication Performance Comparison ---
Matrix size: N=1600 x N=1600

MKL DGEMM     : Time 0.194587 sec. GFLOPS 42.10.  42.44x
MKL DGEMV Loop: Time 1.595070 sec. GFLOPS 5.14.  5.18x
Naive 3 loops : Time 8.258012 sec. GFLOPS 0.99.  1.00x

Mid-point verification looks OK: DGEMM=405.6966, DGEMV=405.6966, Naive=405.6966

